# JRE version: OpenJDK Runtime Environment Temurin-21.0.12.1+1 (21.0.12.1+1) (build 21.0.12.1+1-LTS)
# Java VM: OpenJDK 64-Bit Server VM Temurin-21.0.12.1+1 (21.0.12.1+1-LTS, mixed mode, sharing, tiered, compressed oops, compressed class ptrs, parallel gc, windows-amd64)
GC Precious Log:
 CardTable entry size: 512
 CPUs: 8 total, 8 available
 Memory: 7918M
 Large Page Support: Disabled
 NUMA Support: Disabled
 Compressed Oops: Enabled (Zero based)
 Alignments: Space 512K, Generation 512K, Heap 2M
 Heap Min Capacity: 100M
 Heap Initial Capacity: 100M
 Heap Max Capacity: 4G
 Pre-touch: Disabled
 Parallel Workers: 8
Heap:
 PSYoungGen      total 13312K, used 10565K [0x00000007aab00000, 0x00000007ac000000, 0x0000000800000000)
  eden space 11264K, 77% used [0x00000007aab00000,0x00000007ab383140,0x00000007ab600000)
  from space 2048K, 90% used [0x00000007abe00000,0x00000007abfce540,0x00000007ac000000)
  to   space 2560K, 0% used [0x00000007abb00000,0x00000007abb00000,0x00000007abd80000)
 ParOldGen       total 1153024K, used 308221K [0x0000000700000000, 0x0000000746600000, 0x00000007aab00000)
  object space 1153024K, 26% used [0x0000000700000000,0x0000000712cff730,0x0000000746600000)
 Metaspace       used 94992K, committed 96960K, reserved 1179648K
  class space    used 9669K, committed 10496K, reserved 1048576K
GC Heap History (20 events):
Event: 3927.386 GC heap before
{Heap before GC invocations=2167 (full 6):
 PSYoungGen      total 12800K, used 12400K [0x00000007aab00000, 0x00000007ab900000, 0x0000000800000000)
  eden space 11264K, 100% used [0x00000007aab00000,0x00000007ab600000,0x00000007ab600000)
  from space 1536K, 73% used [0x00000007ab780000,0x00000007ab89c030,0x00000007ab900000)
  to   space 1536K, 0% used [0x00000007ab600000,0x00000007ab600000,0x00000007ab780000)
 ParOldGen       total 1153024K, used 288095K [0x0000000700000000, 0x0000000746600000, 0x00000007aab00000)
  object space 1153024K, 24% used [0x0000000700000000,0x0000000711957c28,0x0000000746600000)
 Metaspace       used 94989K, committed 96960K, reserved 1179648K
  class space    used 9669K, committed 10496K, reserved 1048576K
}
Event: 3927.391 GC heap after
{Heap after GC invocations=2167 (full 6):
 PSYoungGen      total 12800K, used 1524K [0x00000007aab00000, 0x00000007abf80000, 0x0000000800000000)
  eden space 11264K, 0% used [0x00000007aab00000,0x00000007aab00000,0x00000007ab600000)
  from space 1536K, 99% used [0x00000007ab600000,0x00000007ab77d200,0x00000007ab780000)
  to   space 3584K, 0% used [0x00000007abc00000,0x00000007abc00000,0x00000007abf80000)
 ParOldGen       total 1153024K, used 289383K [0x0000000700000000, 0x0000000746600000, 0x00000007aab00000)
  object space 1153024K, 25% used [0x0000000700000000,0x0000000711a99f08,0x0000000746600000)
 Metaspace       used 94989K, committed 96960K, reserved 1179648K
  class space    used 9669K, committed 10496K, reserved 1048576K
}
Event: 3927.702 GC heap before
{Heap before GC invocations=2168 (full 6):
 PSYoungGen      total 12800K, used 12788K [0x00000007aab00000, 0x00000007abf80000, 0x0000000800000000)
  eden space 11264K, 100% used [0x00000007aab00000,0x00000007ab600000,0x00000007ab600000)
  from space 1536K, 99% used [0x00000007ab600000,0x00000007ab77d200,0x00000007ab780000)
  to   space 3584K, 0% used [0x00000007abc00000,0x00000007abc00000,0x00000007abf80000)
 ParOldGen       total 1153024K, used 289383K [0x0000000700000000, 0x0000000746600000, 0x00000007aab00000)
  object space 1153024K, 25% used [0x0000000700000000,0x0000000711a99f08,0x0000000746600000)
 Metaspace       used 94991K, committed 96960K, reserved 1179648K
  class space    used 9669K, committed 10496K, reserved 1048576K
}
Event: 3927.706 GC heap after
{Heap after GC invocations=2168 (full 6):
 PSYoungGen      total 14336K, used 2777K [0x00000007aab00000, 0x00000007abf00000, 0x0000000800000000)
  eden space 11264K, 0% used [0x00000007aab00000,0x00000007aab00000,0x00000007ab600000)
  from space 3072K, 90% used [0x00000007abc00000,0x00000007abeb6540,0x00000007abf00000)
  to   space 3072K, 0% used [0x00000007ab900000,0x00000007ab900000,0x00000007abc00000)
 ParOldGen       total 1153024K, used 290827K [0x0000000700000000, 0x0000000746600000, 0x00000007aab00000)
  object space 1153024K, 25% used [0x0000000700000000,0x0000000711c02f30,0x0000000746600000)
 Metaspace       used 94991K, committed 96960K, reserved 1179648K
  class space    used 9669K, committed 10496K, reserved 1048576K
}
Event: 3927.731 GC heap before
{Heap before GC invocations=2169 (full 6):
 PSYoungGen      total 14336K, used 14041K [0x00000007aab00000, 0x00000007abf00000, 0x0000000800000000)
  eden space 11264K, 100% used [0x00000007aab00000,0x00000007ab600000,0x00000007ab600000)
  from space 3072K, 90% used [0x00000007abc00000,0x00000007abeb6540,0x00000007abf00000)
  to   space 3072K, 0% used [0x00000007ab900000,0x00000007ab900000,0x00000007abc00000)
 ParOldGen       total 1153024K, used 290827K [0x0000000700000000, 0x0000000746600000, 0x00000007aab00000)
  object space 1153024K, 25% used [0x0000000700000000,0x0000000711c02f30,0x0000000746600000)
 Metaspace       used 94991K, committed 96960K, reserved 1179648K
  class space    used 9669K, committed 10496K, reserved 1048576K
}
Event: 3927.734 GC heap after
{Heap after GC invocations=2169 (full 6):
 PSYoungGen      total 12800K, used 1035K [0x00000007aab00000, 0x00000007abc80000, 0x0000000800000000)
  eden space 11264K, 0% used [0x00000007aab00000,0x00000007aab00000,0x00000007ab600000)
  from space 1536K, 67% used [0x00000007ab900000,0x00000007aba02e20,0x00000007aba80000)
  to   space 2048K, 0% used [0x00000007aba80000,0x00000007aba80000,0x00000007abc80000)
 ParOldGen       total 1153024K, used 291738K [0x0000000700000000, 0x0000000746600000, 0x00000007aab00000)
  object space 1153024K, 25% used [0x0000000700000000,0x0000000711ce6970,0x0000000746600000)
 Metaspace       used 94991K, committed 96960K, reserved 1179648K
  class space    used 9669K, committed 10496K, reserved 1048576K
}
Event: 3927.780 GC heap before
{Heap before GC invocations=2170 (full 6):
 PSYoungGen      total 12800K, used 12299K [0x00000007aab00000, 0x00000007abc80000, 0x0000000800000000)
  eden space 11264K, 100% used [0x00000007aab00000,0x00000007ab600000,0x00000007ab600000)
  from space 1536K, 67% used [0x00000007ab900000,0x00000007aba02e20,0x00000007aba80000)
  to   space 2048K, 0% used [0x00000007aba80000,0x00000007aba80000,0x00000007abc80000)
 ParOldGen       total 1153024K, used 291738K [0x0000000700000000, 0x0000000746600000, 0x00000007aab00000)
  object space 1153024K, 25% used [0x0000000700000000,0x0000000711ce6970,0x0000000746600000)
 Metaspace       used 94991K, committed 96960K, reserved 1179648K
  class space    used 9669K, committed 10496K, reserved 1048576K
}
Event: 3927.783 GC heap after
{Heap after GC invocations=2170 (full 6):
 PSYoungGen      total 13312K, used 1888K [0x00000007aab00000, 0x00000007abc80000, 0x0000000800000000)
  eden space 11264K, 0% used [0x00000007aab00000,0x00000007aab00000,0x00000007ab600000)
  from space 2048K, 92% used [0x00000007aba80000,0x00000007abc58020,0x00000007abc80000)
  to   space 2560K, 0% used [0x00000007ab780000,0x00000007ab780000,0x00000007aba00000)
 ParOldGen       total 1153024K, used 292559K [0x0000000700000000, 0x0000000746600000, 0x00000007aab00000)
  object space 1153024K, 25% used [0x0000000700000000,0x0000000711db3e60,0x0000000746600000)
 Metaspace       used 94991K, committed 96960K, reserved 1179648K
  class space    used 9669K, committed 10496K, reserved 1048576K
}
Event: 3927.813 GC heap before
{Heap before GC invocations=2171 (full 6):
 PSYoungGen      total 13312K, used 13152K [0x00000007aab00000, 0x00000007abc80000, 0x0000000800000000)
  eden space 11264K, 100% used [0x00000007aab00000,0x00000007ab600000,0x00000007ab600000)
  from space 2048K, 92% used [0x00000007aba80000,0x00000007abc58020,0x00000007abc80000)
  to   space 2560K, 0% used [0x00000007ab780000,0x00000007ab780000,0x00000007aba00000)
 ParOldGen       total 1153024K, used 292559K [0x0000000700000000, 0x0000000746600000, 0x00000007aab00000)
  object space 1153024K, 25% used [0x0000000700000000,0x0000000711db3e60,0x0000000746600000)
 Metaspace       used 94991K, committed 96960K, reserved 1179648K
  class space    used 9669K, committed 10496K, reserved 1048576K
}
Event: 3927.816 GC heap after
{Heap after GC invocations=2171 (full 6):
 PSYoungGen      total 12800K, used 1344K [0x00000007aab00000, 0x00000007abb00000, 0x0000000800000000)
  eden space 11264K, 0% used [0x00000007aab00000,0x00000007aab00000,0x00000007ab600000)
  from space 1536K, 87% used [0x00000007ab780000,0x00000007ab8d0040,0x00000007ab900000)
  to   space 2048K, 0% used [0x00000007ab900000,0x00000007ab900000,0x00000007abb00000)
 ParOldGen       total 1153024K, used 294343K [0x0000000700000000, 0x0000000746600000, 0x00000007aab00000)
  object space 1153024K, 25% used [0x0000000700000000,0x0000000711f71e90,0x0000000746600000)
 Metaspace       used 94991K, committed 96960K, reserved 1179648K
  class space    used 9669K, committed 10496K, reserved 1048576K
}
Event: 3931.767 GC heap before
{Heap before GC invocations=2172 (full 6):
 PSYoungGen      total 12800K, used 12608K [0x00000007aab00000, 0x00000007abb00000, 0x0000000800000000)
  eden space 11264K, 100% used [0x00000007aab00000,0x00000007ab600000,0x00000007ab600000)
  from space 1536K, 87% used [0x00000007ab780000,0x00000007ab8d0040,0x00000007ab900000)
  to   space 2048K, 0% used [0x00000007ab900000,0x00000007ab900000,0x00000007abb00000)
 ParOldGen       total 1153024K, used 294343K [0x0000000700000000, 0x0000000746600000, 0x00000007aab00000)
  object space 1153024K, 25% used [0x0000000700000000,0x0000000711f71e90,0x0000000746600000)
 Metaspace       used 94991K, committed 96960K, reserved 1179648K
  class space    used 9669K, committed 10496K, reserved 1048576K
}
Event: 3931.770 GC heap after
{Heap after GC invocations=2172 (full 6):
 PSYoungGen      total 12800K, used 1434K [0x00000007aab00000, 0x00000007aba80000, 0x0000000800000000)
  eden space 11264K, 0% used [0x00000007aab00000,0x00000007aab00000,0x00000007ab600000)
  from space 1536K, 93% used [0x00000007ab900000,0x00000007aba66920,0x00000007aba80000)
  to   space 1536K, 0% used [0x00000007ab780000,0x00000007ab780000,0x00000007ab900000)
 ParOldGen       total 1153024K, used 295543K [0x0000000700000000, 0x0000000746600000, 0x00000007aab00000)
  object space 1153024K, 25% used [0x0000000700000000,0x000000071209def0,0x0000000746600000)
 Metaspace       used 94991K, committed 96960K, reserved 1179648K
  class space    used 9669K, committed 10496K, reserved 1048576K
}
Event: 3931.790 GC heap before
{Heap before GC invocations=2173 (full 6):
 PSYoungGen      total 12800K, used 12698K [0x00000007aab00000, 0x00000007aba80000, 0x0000000800000000)
  eden space 11264K, 100% used [0x00000007aab00000,0x00000007ab600000,0x00000007ab600000)
  from space 1536K, 93% used [0x00000007ab900000,0x00000007aba66920,0x00000007aba80000)
  to   space 1536K, 0% used [0x00000007ab780000,0x00000007ab780000,0x00000007ab900000)
 ParOldGen       total 1153024K, used 295543K [0x0000000700000000, 0x0000000746600000, 0x00000007aab00000)
  object space 1153024K, 25% used [0x0000000700000000,0x000000071209def0,0x0000000746600000)
 Metaspace       used 94991K, committed 96960K, reserved 1179648K
  class space    used 9669K, committed 10496K, reserved 1048576K
}
Event: 3931.804 GC heap after
{Heap after GC invocations=2173 (full 6):
 PSYoungGen      total 12800K, used 1529K [0x00000007aab00000, 0x00000007acd00000, 0x0000000800000000)
  eden space 11264K, 0% used [0x00000007aab00000,0x00000007aab00000,0x00000007ab600000)
  from space 1536K, 99% used [0x00000007ab780000,0x00000007ab8fe600,0x00000007ab900000)
  to   space 11776K, 0% used [0x00000007ac180000,0x00000007ac180000,0x00000007acd00000)
 ParOldGen       total 1153024K, used 304123K [0x0000000700000000, 0x0000000746600000, 0x00000007aab00000)
  object space 1153024K, 26% used [0x0000000700000000,0x00000007128fec30,0x0000000746600000)
 Metaspace       used 94991K, committed 96960K, reserved 1179648K
  class space    used 9669K, committed 10496K, reserved 1048576K
}
Event: 3932.017 GC heap before
{Heap before GC invocations=2174 (full 6):
 PSYoungGen      total 12800K, used 12793K [0x00000007aab00000, 0x00000007acd00000, 0x0000000800000000)
  eden space 11264K, 100% used [0x00000007aab00000,0x00000007ab600000,0x00000007ab600000)
  from space 1536K, 99% used [0x00000007ab780000,0x00000007ab8fe600,0x00000007ab900000)
  to   space 11776K, 0% used [0x00000007ac180000,0x00000007ac180000,0x00000007acd00000)
 ParOldGen       total 1153024K, used 304123K [0x0000000700000000, 0x0000000746600000, 0x00000007aab00000)
  object space 1153024K, 26% used [0x0000000700000000,0x00000007128fec30,0x0000000746600000)
 Metaspace       used 94991K, committed 96960K, reserved 1179648K
  class space    used 9669K, committed 10496K, reserved 1048576K
}
Event: 3932.020 GC heap after
{Heap after GC invocations=2174 (full 6):
 PSYoungGen      total 13824K, used 2138K [0x00000007aab00000, 0x00000007ac400000, 0x0000000800000000)
  eden space 11264K, 0% used [0x00000007aab00000,0x00000007aab00000,0x00000007ab600000)
  from space 2560K, 83% used [0x00000007ac180000,0x00000007ac396920,0x00000007ac400000)
  to   space 5120K, 0% used [0x00000007aba00000,0x00000007aba00000,0x00000007abf00000)
 ParOldGen       total 1153024K, used 305698K [0x0000000700000000, 0x0000000746600000, 0x00000007aab00000)
  object space 1153024K, 26% used [0x0000000700000000,0x0000000712a88a48,0x0000000746600000)
 Metaspace       used 94991K, committed 96960K, reserved 1179648K
  class space    used 9669K, committed 10496K, reserved 1048576K
}
Event: 3932.037 GC heap before
{Heap before GC invocations=2175 (full 6):
 PSYoungGen      total 13824K, used 13402K [0x00000007aab00000, 0x00000007ac400000, 0x0000000800000000)
  eden space 11264K, 100% used [0x00000007aab00000,0x00000007ab600000,0x00000007ab600000)
  from space 2560K, 83% used [0x00000007ac180000,0x00000007ac396920,0x00000007ac400000)
  to   space 5120K, 0% used [0x00000007aba00000,0x00000007aba00000,0x00000007abf00000)
 ParOldGen       total 1153024K, used 305698K [0x0000000700000000, 0x0000000746600000, 0x00000007aab00000)
  object space 1153024K, 26% used [0x0000000700000000,0x0000000712a88a48,0x0000000746600000)
 Metaspace       used 94991K, committed 96960K, reserved 1179648K
  class space    used 9669K, committed 10496K, reserved 1048576K
}
Event: 3932.041 GC heap after
{Heap after GC invocations=2175 (full 6):
 PSYoungGen      total 14848K, used 3567K [0x00000007aab00000, 0x00000007ac200000, 0x0000000800000000)
  eden space 11264K, 0% used [0x00000007aab00000,0x00000007aab00000,0x00000007ab600000)
  from space 3584K, 99% used [0x00000007aba00000,0x00000007abd7bc10,0x00000007abd80000)
  to   space 4096K, 0% used [0x00000007abe00000,0x00000007abe00000,0x00000007ac200000)
 ParOldGen       total 1153024K, used 307797K [0x0000000700000000, 0x0000000746600000, 0x00000007aab00000)
  object space 1153024K, 26% used [0x0000000700000000,0x0000000712c956a0,0x0000000746600000)
 Metaspace       used 94991K, committed 96960K, reserved 1179648K
  class space    used 9669K, committed 10496K, reserved 1048576K
}
Event: 3932.060 GC heap before
{Heap before GC invocations=2176 (full 6):
 PSYoungGen      total 14848K, used 14830K [0x00000007aab00000, 0x00000007ac200000, 0x0000000800000000)
  eden space 11264K, 99% used [0x00000007aab00000,0x00000007ab5fffb8,0x00000007ab600000)
  from space 3584K, 99% used [0x00000007aba00000,0x00000007abd7bc10,0x00000007abd80000)
  to   space 4096K, 0% used [0x00000007abe00000,0x00000007abe00000,0x00000007ac200000)
 ParOldGen       total 1153024K, used 307797K [0x0000000700000000, 0x0000000746600000, 0x00000007aab00000)
  object space 1153024K, 26% used [0x0000000700000000,0x0000000712c956a0,0x0000000746600000)
 Metaspace       used 94992K, committed 96960K, reserved 1179648K
  class space    used 9669K, committed 10496K, reserved 1048576K
}
Event: 3932.061 GC heap after
{Heap after GC invocations=2176 (full 6):
 PSYoungGen      total 13312K, used 1849K [0x00000007aab00000, 0x00000007ac000000, 0x0000000800000000)
  eden space 11264K, 0% used [0x00000007aab00000,0x00000007aab00000,0x00000007ab600000)
  from space 2048K, 90% used [0x00000007abe00000,0x00000007abfce540,0x00000007ac000000)
  to   space 2560K, 0% used [0x00000007abb00000,0x00000007abb00000,0x00000007abd80000)
 ParOldGen       total 1153024K, used 308221K [0x0000000700000000, 0x0000000746600000, 0x00000007aab00000)
  object space 1153024K, 26% used [0x0000000700000000,0x0000000712cff730,0x0000000746600000)
 Metaspace       used 94992K, committed 96960K, reserved 1179648K
  class space    used 9669K, committed 10496K, reserved 1048576K
}

